{"contracts/BinRebalancer.sol":{"l":{"95":0,"96":0,"105":7,"106":7,"109":7,"120":0,"123":0,"124":0,"126":0,"127":0,"129":0,"130":0,"132":0,"133":0,"134":0,"136":0,"140":0,"142":0,"159":0,"160":0,"162":0,"165":0,"175":0,"176":0,"178":0,"179":0,"182":0,"190":0,"193":0,"202":0,"203":0,"204":0,"205":0,"207":0,"235":0,"236":0,"238":0,"241":0,"245":0,"248":0,"249":0,"252":0,"253":0,"257":0,"258":0,"259":0,"273":0,"274":0,"277":0,"280":0,"281":0,"283":0,"285":0,"299":0,"301":0,"310":0,"322":3,"323":1,"325":1,"334":1,"345":0,"360":0,"361":0,"380":0,"381":0,"383":0,"390":0,"396":7,"397":7,"398":7,"399":7,"400":7,"405":0,"409":0,"410":0,"422":0,"440":0,"444":0,"461":0,"464":0},"path":"/Users/melted/Documents/GitHub/Dexter/contracts/mvp/contracts/BinRebalancer.sol","s":{"1":0,"2":7,"3":0,"4":0,"5":0,"6":0,"7":0,"8":0,"9":0,"10":0,"11":0,"12":0,"13":0,"14":0,"15":0,"16":0,"17":0,"18":0,"19":0,"20":0,"21":0,"22":0,"23":0,"24":0,"25":0,"26":0,"27":0,"28":0,"29":0,"30":0,"31":0,"32":0,"33":0,"34":0,"35":0,"36":0,"37":0,"38":0,"39":0,"40":0,"41":3,"42":1,"43":0,"44":0,"45":0,"46":0,"47":0,"48":0,"49":0,"50":0,"51":0,"52":0},"b":{"1":[0,0],"2":[0,0],"3":[0,0],"4":[0,0],"5":[0,0],"6":[0,0],"7":[0,0],"8":[0,0],"9":[0,0],"10":[0,0],"11":[0,0],"12":[0,0],"13":[0,0],"14":[0,0],"15":[0,0],"16":[0,0],"17":[0,0],"18":[0,0],"19":[0,0],"20":[0,0],"21":[3,0],"22":[1,2],"23":[1,1],"24":[0,0]},"f":{"1":0,"2":7,"3":0,"4":0,"5":0,"6":0,"7":0,"8":0,"9":3,"10":1,"11":0,"12":0,"13":0,"14":7,"15":0,"16":0},"fnMap":{"1":{"name":"onlyKeeper","line":94,"loc":{"start":{"line":94,"column":4},"end":{"line":97,"column":4}}},"2":{"name":"constructor","line":101,"loc":{"start":{"line":101,"column":4},"end":{"line":110,"column":4}}},"3":{"name":"calculateBinPosition","line":119,"loc":{"start":{"line":119,"column":4},"end":{"line":151,"column":4}}},"4":{"name":"shouldRebalance","line":158,"loc":{"start":{"line":158,"column":4},"end":{"line":166,"column":4}}},"5":{"name":"executeRebalance","line":174,"loc":{"start":{"line":174,"column":4},"end":{"line":217,"column":4}}},"6":{"name":"calculateConcentratedRange","line":228,"loc":{"start":{"line":228,"column":4},"end":{"line":260,"column":4}}},"7":{"name":"setBinSettings","line":272,"loc":{"start":{"line":269,"column":4},"end":{"line":286,"column":4}}},"8":{"name":"setConcentrationLevel","line":298,"loc":{"start":{"line":294,"column":4},"end":{"line":311,"column":4}}},"9":{"name":"updateConcentrationMultiplier","line":321,"loc":{"start":{"line":318,"column":4},"end":{"line":326,"column":4}}},"10":{"name":"setKeeperAuthorization","line":333,"loc":{"start":{"line":333,"column":4},"end":{"line":335,"column":4}}},"11":{"name":"getBinSettings","line":344,"loc":{"start":{"line":344,"column":4},"end":{"line":346,"column":4}}},"12":{"name":"getRebalanceMetrics","line":355,"loc":{"start":{"line":355,"column":4},"end":{"line":366,"column":4}}},"13":{"name":"previewRebalance","line":375,"loc":{"start":{"line":375,"column":4},"end":{"line":391,"column":4}}},"14":{"name":"_initializeConcentrationLevels","line":395,"loc":{"start":{"line":395,"column":4},"end":{"line":401,"column":4}}},"15":{"name":"_closePosition","line":403,"loc":{"start":{"line":403,"column":4},"end":{"line":430,"column":4}}},"16":{"name":"_openConcentratedPosition","line":432,"loc":{"start":{"line":432,"column":4},"end":{"line":465,"column":4}}}},"statementMap":{"1":{"start":{"line":95,"column":8},"end":{"line":95,"column":88}},"2":{"start":{"line":109,"column":8},"end":{"line":109,"column":39}},"3":{"start":{"line":120,"column":8},"end":{"line":120,"column":4446}},"4":{"start":{"line":123,"column":8},"end":{"line":123,"column":82}},"5":{"start":{"line":124,"column":8},"end":{"line":124,"column":66}},"6":{"start":{"line":126,"column":8},"end":{"line":126,"column":49}},"7":{"start":{"line":127,"column":8},"end":{"line":127,"column":46}},"8":{"start":{"line":129,"column":8},"end":{"line":129,"column":34}},"9":{"start":{"line":130,"column":8},"end":{"line":130,"column":75}},"10":{"start":{"line":132,"column":8},"end":{"line":132,"column":4955}},"11":{"start":{"line":133,"column":12},"end":{"line":133,"column":4987}},"12":{"start":{"line":140,"column":8},"end":{"line":140,"column":77}},"13":{"start":{"line":142,"column":8},"end":{"line":142,"column":5316}},"14":{"start":{"line":159,"column":8},"end":{"line":159,"column":66}},"15":{"start":{"line":160,"column":8},"end":{"line":160,"column":57}},"16":{"start":{"line":160,"column":45},"end":{"line":160,"column":57}},"17":{"start":{"line":162,"column":8},"end":{"line":162,"column":66}},"18":{"start":{"line":165,"column":8},"end":{"line":165,"column":85}},"19":{"start":{"line":175,"column":8},"end":{"line":175,"column":36}},"20":{"start":{"line":176,"column":8},"end":{"line":176,"column":64}},"21":{"start":{"line":178,"column":8},"end":{"line":178,"column":66}},"22":{"start":{"line":179,"column":8},"end":{"line":179,"column":67}},"23":{"start":{"line":182,"column":8},"end":{"line":182,"column":6861}},"24":{"start":{"line":190,"column":8},"end":{"line":190,"column":68}},"25":{"start":{"line":193,"column":8},"end":{"line":193,"column":7271}},"26":{"start":{"line":207,"column":8},"end":{"line":207,"column":7697}},"27":{"start":{"line":235,"column":8},"end":{"line":235,"column":26}},"28":{"start":{"line":236,"column":8},"end":{"line":236,"column":8625}},"29":{"start":{"line":245,"column":8},"end":{"line":245,"column":65}},"30":{"start":{"line":252,"column":8},"end":{"line":252,"column":9320}},"31":{"start":{"line":257,"column":8},"end":{"line":257,"column":59}},"32":{"start":{"line":258,"column":8},"end":{"line":258,"column":68}},"33":{"start":{"line":259,"column":8},"end":{"line":259,"column":69}},"34":{"start":{"line":273,"column":8},"end":{"line":273,"column":119}},"35":{"start":{"line":274,"column":8},"end":{"line":274,"column":95}},"36":{"start":{"line":280,"column":8},"end":{"line":280,"column":66}},"37":{"start":{"line":285,"column":8},"end":{"line":285,"column":50}},"38":{"start":{"line":299,"column":8},"end":{"line":299,"column":83}},"39":{"start":{"line":301,"column":8},"end":{"line":301,"column":11126}},"40":{"start":{"line":310,"column":8},"end":{"line":310,"column":40}},"41":{"start":{"line":322,"column":8},"end":{"line":322,"column":73}},"42":{"start":{"line":325,"column":8},"end":{"line":325,"column":57}},"43":{"start":{"line":345,"column":8},"end":{"line":345,"column":43}},"44":{"start":{"line":360,"column":8},"end":{"line":360,"column":66}},"45":{"start":{"line":361,"column":8},"end":{"line":361,"column":13165}},"46":{"start":{"line":380,"column":8},"end":{"line":380,"column":66}},"47":{"start":{"line":381,"column":8},"end":{"line":381,"column":66}},"48":{"start":{"line":390,"column":8},"end":{"line":390,"column":66}},"49":{"start":{"line":405,"column":8},"end":{"line":405,"column":14848}},"50":{"start":{"line":409,"column":8},"end":{"line":409,"column":15018}},"51":{"start":{"line":410,"column":12},"end":{"line":410,"column":15055}},"52":{"start":{"line":440,"column":8},"end":{"line":440,"column":16096}}},"branchMap":{"1":{"line":95,"type":"if","locations":[{"start":{"line":95,"column":8},"end":{"line":95,"column":8}},{"start":{"line":95,"column":8},"end":{"line":95,"column":8}}]},"2":{"line":95,"type":"cond-expr","locations":[{"start":{"line":95,"column":16},"end":{"line":95,"column":44}},{"start":{"line":95,"column":49},"end":{"line":95,"column":69}}]},"3":{"line":124,"type":"if","locations":[{"start":{"line":124,"column":8},"end":{"line":124,"column":8}},{"start":{"line":124,"column":8},"end":{"line":124,"column":8}}]},"4":{"line":132,"type":"if","locations":[{"start":{"line":132,"column":8},"end":{"line":132,"column":8}},{"start":{"line":132,"column":8},"end":{"line":132,"column":8}}]},"5":{"line":133,"type":"if","locations":[{"start":{"line":133,"column":12},"end":{"line":133,"column":12}},{"start":{"line":133,"column":12},"end":{"line":133,"column":12}}]},"6":{"line":160,"type":"if","locations":[{"start":{"line":160,"column":8},"end":{"line":160,"column":8}},{"start":{"line":160,"column":8},"end":{"line":160,"column":8}}]},"7":{"line":165,"type":"cond-expr","locations":[{"start":{"line":165,"column":15},"end":{"line":165,"column":30}},{"start":{"line":165,"column":35},"end":{"line":165,"column":84}}]},"8":{"line":174,"type":"if","locations":[{"start":{"line":174,"column":56},"end":{"line":174,"column":56}},{"start":{"line":174,"column":56},"end":{"line":174,"column":56}}]},"9":{"line":174,"type":"if","locations":[{"start":{"line":174,"column":67},"end":{"line":174,"column":67}},{"start":{"line":174,"column":67},"end":{"line":174,"column":67}}]},"10":{"line":176,"type":"if","locations":[{"start":{"line":176,"column":8},"end":{"line":176,"column":8}},{"start":{"line":176,"column":8},"end":{"line":176,"column":8}}]},"11":{"line":236,"type":"if","locations":[{"start":{"line":236,"column":8},"end":{"line":236,"column":8}},{"start":{"line":236,"column":8},"end":{"line":236,"column":8}}]},"12":{"line":252,"type":"if","locations":[{"start":{"line":252,"column":8},"end":{"line":252,"column":8}},{"start":{"line":252,"column":8},"end":{"line":252,"column":8}}]},"13":{"line":257,"type":"if","locations":[{"start":{"line":257,"column":8},"end":{"line":257,"column":8}},{"start":{"line":257,"column":8},"end":{"line":257,"column":8}}]},"14":{"line":258,"type":"if","locations":[{"start":{"line":258,"column":8},"end":{"line":258,"column":8}},{"start":{"line":258,"column":8},"end":{"line":258,"column":8}}]},"15":{"line":259,"type":"if","locations":[{"start":{"line":259,"column":8},"end":{"line":259,"column":8}},{"start":{"line":259,"column":8},"end":{"line":259,"column":8}}]},"16":{"line":272,"type":"if","locations":[{"start":{"line":272,"column":13},"end":{"line":272,"column":13}},{"start":{"line":272,"column":13},"end":{"line":272,"column":13}}]},"17":{"line":273,"type":"if","locations":[{"start":{"line":273,"column":8},"end":{"line":273,"column":8}},{"start":{"line":273,"column":8},"end":{"line":273,"column":8}}]},"18":{"line":274,"type":"if","locations":[{"start":{"line":274,"column":8},"end":{"line":274,"column":8}},{"start":{"line":274,"column":8},"end":{"line":274,"column":8}}]},"19":{"line":298,"type":"if","locations":[{"start":{"line":298,"column":15},"end":{"line":298,"column":15}},{"start":{"line":298,"column":15},"end":{"line":298,"column":15}}]},"20":{"line":299,"type":"if","locations":[{"start":{"line":299,"column":8},"end":{"line":299,"column":8}},{"start":{"line":299,"column":8},"end":{"line":299,"column":8}}]},"21":{"line":321,"type":"if","locations":[{"start":{"line":321,"column":15},"end":{"line":321,"column":15}},{"start":{"line":321,"column":15},"end":{"line":321,"column":15}}]},"22":{"line":322,"type":"if","locations":[{"start":{"line":322,"column":8},"end":{"line":322,"column":8}},{"start":{"line":322,"column":8},"end":{"line":322,"column":8}}]},"23":{"line":333,"type":"if","locations":[{"start":{"line":333,"column":78},"end":{"line":333,"column":78}},{"start":{"line":333,"column":78},"end":{"line":333,"column":78}}]},"24":{"line":409,"type":"if","locations":[{"start":{"line":409,"column":8},"end":{"line":409,"column":8}},{"start":{"line":409,"column":8},"end":{"line":409,"column":8}}]}}},"contracts/DexterMVP.sol":{"l":{"122":0,"123":0,"127":0,"128":0,"138":29,"139":29,"140":29,"151":2,"152":2,"153":2,"168":6,"169":5,"171":3,"172":3,"173":3,"175":3,"190":0,"196":0,"199":0,"200":0,"201":0,"204":0,"205":0,"206":0,"208":0,"216":0,"219":0,"220":0,"221":0,"224":0,"226":0,"237":0,"238":0,"241":0,"242":0,"246":0,"247":0,"256":0,"257":0,"259":0,"262":0,"271":0,"273":0,"285":0,"286":0,"287":0,"289":0,"304":0,"306":0,"307":0,"308":0,"309":0,"312":0,"317":0,"328":0,"331":0,"332":0,"336":0,"338":0,"339":0,"341":0,"342":0,"343":0,"344":0,"346":0,"350":0,"365":0,"366":0,"368":0,"371":0,"380":0,"381":0,"383":0,"384":0,"387":0,"390":0,"397":0,"406":0,"407":0,"409":0,"429":0,"431":0,"434":0,"435":0,"437":0,"439":0,"448":5,"449":5,"459":3,"467":1,"480":0,"481":0,"485":0,"499":0,"500":0,"505":0,"512":0,"516":0,"517":0,"518":0,"519":0,"530":0,"546":0,"547":0,"550":0,"563":0,"564":0,"568":0,"582":0,"585":0,"586":0,"587":0,"589":0,"590":0,"591":0,"597":0,"598":0,"599":0,"601":0,"602":0,"603":0,"609":0,"610":0,"613":0,"625":0,"628":0,"629":0,"638":0,"642":0,"650":0,"653":0,"654":0,"655":0,"656":0,"666":0,"667":0,"668":0,"671":0,"674":0,"676":0,"677":0,"680":0,"681":0,"703":0,"704":0,"707":0,"708":0,"710":0,"711":0,"715":0,"730":0,"733":0,"734":0,"737":0,"738":0,"739":0,"742":0,"743":0,"744":0,"747":0,"748":0,"750":0,"751":0,"754":0,"758":0,"759":0,"760":0,"761":0,"762":0,"763":0,"776":0,"791":0,"804":1,"815":0},"path":"/Users/melted/Documents/GitHub/Dexter/contracts/mvp/contracts/DexterMVP.sol","s":{"1":0,"2":0,"3":2,"4":2,"5":6,"6":5,"7":3,"8":0,"9":0,"10":0,"11":0,"12":0,"13":0,"14":0,"15":0,"16":0,"17":0,"18":0,"19":0,"20":0,"21":0,"22":0,"23":0,"24":0,"25":0,"26":0,"27":0,"28":0,"29":0,"30":0,"31":0,"32":0,"33":0,"34":0,"35":0,"36":0,"37":0,"38":0,"39":0,"40":0,"41":0,"42":0,"43":0,"44":0,"45":0,"46":0,"47":0,"48":0,"49":0,"50":0,"51":0,"52":0,"53":0,"54":0,"55":0,"56":0,"57":0,"58":0,"59":0,"60":0,"61":0,"62":5,"63":3,"64":1,"65":0,"66":0,"67":0,"68":0,"69":0,"70":0,"71":0,"72":0,"73":0,"74":0,"75":0,"76":0,"77":0,"78":0,"79":0,"80":0,"81":0,"82":0,"83":0,"84":0,"85":0,"86":0,"87":0,"88":0,"89":0,"90":0,"91":0,"92":0,"93":0,"94":0,"95":0,"96":0,"97":0,"98":0,"99":0,"100":0,"101":0,"102":0,"103":0,"104":0,"105":0,"106":0,"107":0,"108":0,"109":0,"110":0,"111":0,"112":0,"113":0,"114":0,"115":0,"116":0,"117":0,"118":0,"119":0,"120":0,"121":0,"122":0,"123":0,"124":0,"125":0,"126":0,"127":0,"128":0,"129":0,"130":1,"131":0},"b":{"1":[0,0],"2":[0,0],"3":[0,0],"4":[2,1],"5":[6,1],"6":[5,1],"7":[3,2],"8":[0,0],"9":[0,0],"10":[0,0],"11":[0,0],"12":[0,0],"13":[0,0],"14":[0,0],"15":[0,0],"16":[0,0],"17":[0,0],"18":[0,0],"19":[0,0],"20":[0,0],"21":[0,0],"22":[0,0],"23":[0,0],"24":[0,0],"25":[0,0],"26":[0,0],"27":[0,0],"28":[0,0],"29":[0,0],"30":[0,0],"31":[0,0],"32":[0,0],"33":[0,0],"34":[0,0],"35":[0,0],"36":[0,0],"37":[0,0],"38":[0,0],"39":[0,0],"40":[0,0],"41":[0,0],"42":[0,0],"43":[5,1],"44":[3,1],"45":[1,1],"46":[0,0],"47":[0,0],"48":[0,0],"49":[0,0],"50":[0,0],"51":[0,0],"52":[0,0],"53":[0,0],"54":[0,0],"55":[0,0],"56":[0,0],"57":[0,0],"58":[0,0],"59":[0,0],"60":[0,0],"61":[0,0],"62":[0,0],"63":[0,0],"64":[0,0],"65":[0,0],"66":[0,0],"67":[0,0],"68":[0,0]},"f":{"1":0,"2":0,"3":29,"4":2,"5":6,"6":0,"7":0,"8":0,"9":0,"10":0,"11":0,"12":0,"13":0,"14":0,"15":5,"16":3,"17":1,"18":0,"19":0,"20":0,"21":0,"22":0,"23":0,"24":0,"25":0,"26":0,"27":0,"28":1,"29":0},"fnMap":{"1":{"name":"onlyAuthorizedKeeper","line":121,"loc":{"start":{"line":121,"column":4},"end":{"line":124,"column":4}}},"2":{"name":"validPosition","line":126,"loc":{"start":{"line":126,"column":4},"end":{"line":129,"column":4}}},"3":{"name":"constructor","line":133,"loc":{"start":{"line":133,"column":4},"end":{"line":141,"column":4}}},"4":{"name":"setPriceAggregator","line":150,"loc":{"start":{"line":150,"column":4},"end":{"line":154,"column":4}}},"5":{"name":"setTWAPConfig","line":167,"loc":{"start":{"line":163,"column":4},"end":{"line":176,"column":4}}},"6":{"name":"depositPosition","line":188,"loc":{"start":{"line":185,"column":4},"end":{"line":209,"column":4}}},"7":{"name":"withdrawPosition","line":215,"loc":{"start":{"line":215,"column":4},"end":{"line":227,"column":4}}},"8":{"name":"shouldCompound","line":236,"loc":{"start":{"line":236,"column":4},"end":{"line":248,"column":4}}},"9":{"name":"executeCompound","line":255,"loc":{"start":{"line":255,"column":4},"end":{"line":297,"column":4}}},"10":{"name":"batchCompound","line":303,"loc":{"start":{"line":303,"column":4},"end":{"line":318,"column":4}}},"11":{"name":"calculateBinPosition","line":327,"loc":{"start":{"line":327,"column":4},"end":{"line":357,"column":4}}},"12":{"name":"shouldRebalance","line":364,"loc":{"start":{"line":364,"column":4},"end":{"line":372,"column":4}}},"13":{"name":"executeRebalance","line":379,"loc":{"start":{"line":379,"column":4},"end":{"line":416,"column":4}}},"14":{"name":"updateAutomationSettings","line":428,"loc":{"start":{"line":425,"column":4},"end":{"line":440,"column":4}}},"15":{"name":"setKeeperAuthorization","line":447,"loc":{"start":{"line":447,"column":4},"end":{"line":450,"column":4}}},"16":{"name":"pause","line":458,"loc":{"start":{"line":458,"column":4},"end":{"line":460,"column":4}}},"17":{"name":"unpause","line":466,"loc":{"start":{"line":466,"column":4},"end":{"line":468,"column":4}}},"18":{"name":"_validateTWAP","line":478,"loc":{"start":{"line":478,"column":4},"end":{"line":513,"column":4}}},"19":{"name":"_validateAutomationSettings","line":515,"loc":{"start":{"line":515,"column":4},"end":{"line":520,"column":4}}},"20":{"name":"_getUnclaimedFeesUSD","line":528,"loc":{"start":{"line":528,"column":4},"end":{"line":551,"column":4}}},"21":{"name":"_calculateFeesUSD","line":561,"loc":{"start":{"line":561,"column":4},"end":{"line":614,"column":4}}},"22":{"name":"_closePosition","line":623,"loc":{"start":{"line":623,"column":4},"end":{"line":658,"column":4}}},"23":{"name":"_calculateConcentratedRange","line":660,"loc":{"start":{"line":660,"column":4},"end":{"line":683,"column":4}}},"24":{"name":"_openNewPosition","line":695,"loc":{"start":{"line":695,"column":4},"end":{"line":755,"column":4}}},"25":{"name":"_removeFromAccountTokens","line":757,"loc":{"start":{"line":757,"column":4},"end":{"line":766,"column":4}}},"26":{"name":"getAutomationSettings","line":775,"loc":{"start":{"line":775,"column":4},"end":{"line":777,"column":4}}},"27":{"name":"getPositionMetrics","line":786,"loc":{"start":{"line":786,"column":4},"end":{"line":796,"column":4}}},"28":{"name":"getAccountPositions","line":803,"loc":{"start":{"line":803,"column":4},"end":{"line":805,"column":4}}},"29":{"name":"onERC721Received","line":809,"loc":{"start":{"line":809,"column":4},"end":{"line":816,"column":4}}}},"statementMap":{"1":{"start":{"line":122,"column":8},"end":{"line":122,"column":95}},"2":{"start":{"line":127,"column":8},"end":{"line":127,"column":72}},"3":{"start":{"line":151,"column":8},"end":{"line":151,"column":56}},"4":{"start":{"line":153,"column":8},"end":{"line":153,"column":68}},"5":{"start":{"line":168,"column":8},"end":{"line":168,"column":58}},"6":{"start":{"line":169,"column":8},"end":{"line":169,"column":94}},"7":{"start":{"line":175,"column":8},"end":{"line":175,"column":73}},"8":{"start":{"line":190,"column":8},"end":{"line":190,"column":7581}},"9":{"start":{"line":196,"column":8},"end":{"line":196,"column":86}},"10":{"start":{"line":199,"column":8},"end":{"line":199,"column":44}},"11":{"start":{"line":205,"column":8},"end":{"line":205,"column":46}},"12":{"start":{"line":208,"column":8},"end":{"line":208,"column":61}},"13":{"start":{"line":216,"column":8},"end":{"line":216,"column":68}},"14":{"start":{"line":219,"column":8},"end":{"line":219,"column":52}},"15":{"start":{"line":224,"column":8},"end":{"line":224,"column":86}},"16":{"start":{"line":226,"column":8},"end":{"line":226,"column":51}},"17":{"start":{"line":237,"column":8},"end":{"line":237,"column":72}},"18":{"start":{"line":238,"column":8},"end":{"line":238,"column":55}},"19":{"start":{"line":238,"column":43},"end":{"line":238,"column":55}},"20":{"start":{"line":241,"column":8},"end":{"line":241,"column":9540}},"21":{"start":{"line":242,"column":12},"end":{"line":242,"column":23}},"22":{"start":{"line":246,"column":8},"end":{"line":246,"column":55}},"23":{"start":{"line":247,"column":8},"end":{"line":247,"column":55}},"24":{"start":{"line":256,"column":8},"end":{"line":256,"column":62}},"25":{"start":{"line":257,"column":8},"end":{"line":257,"column":74}},"26":{"start":{"line":259,"column":8},"end":{"line":259,"column":73}},"27":{"start":{"line":262,"column":8},"end":{"line":262,"column":10413}},"28":{"start":{"line":271,"column":8},"end":{"line":271,"column":10753}},"29":{"start":{"line":273,"column":12},"end":{"line":273,"column":10857}},"30":{"start":{"line":289,"column":12},"end":{"line":289,"column":11512}},"31":{"start":{"line":304,"column":8},"end":{"line":304,"column":32}},"32":{"start":{"line":306,"column":8},"end":{"line":306,"column":12038}},"33":{"start":{"line":307,"column":12},"end":{"line":307,"column":12102}},"34":{"start":{"line":308,"column":16},"end":{"line":308,"column":12195}},"35":{"start":{"line":317,"column":8},"end":{"line":317,"column":59}},"36":{"start":{"line":328,"column":8},"end":{"line":328,"column":12910}},"37":{"start":{"line":331,"column":8},"end":{"line":331,"column":104}},"38":{"start":{"line":332,"column":8},"end":{"line":332,"column":13134}},"39":{"start":{"line":336,"column":8},"end":{"line":336,"column":49}},"40":{"start":{"line":338,"column":8},"end":{"line":338,"column":33}},"41":{"start":{"line":339,"column":8},"end":{"line":339,"column":75}},"42":{"start":{"line":341,"column":8},"end":{"line":341,"column":13455}},"43":{"start":{"line":342,"column":12},"end":{"line":342,"column":50}},"44":{"start":{"line":343,"column":12},"end":{"line":343,"column":13539}},"45":{"start":{"line":350,"column":8},"end":{"line":350,"column":13840}},"46":{"start":{"line":365,"column":8},"end":{"line":365,"column":72}},"47":{"start":{"line":366,"column":8},"end":{"line":366,"column":56}},"48":{"start":{"line":366,"column":44},"end":{"line":366,"column":56}},"49":{"start":{"line":368,"column":8},"end":{"line":368,"column":66}},"50":{"start":{"line":371,"column":8},"end":{"line":371,"column":85}},"51":{"start":{"line":380,"column":8},"end":{"line":380,"column":64}},"52":{"start":{"line":381,"column":8},"end":{"line":381,"column":74}},"53":{"start":{"line":383,"column":8},"end":{"line":383,"column":66}},"54":{"start":{"line":384,"column":8},"end":{"line":384,"column":73}},"55":{"start":{"line":387,"column":8},"end":{"line":387,"column":68}},"56":{"start":{"line":390,"column":8},"end":{"line":390,"column":15549}},"57":{"start":{"line":397,"column":8},"end":{"line":397,"column":15772}},"58":{"start":{"line":409,"column":8},"end":{"line":409,"column":16078}},"59":{"start":{"line":429,"column":8},"end":{"line":429,"column":68}},"60":{"start":{"line":431,"column":8},"end":{"line":431,"column":44}},"61":{"start":{"line":439,"column":8},"end":{"line":439,"column":57}},"62":{"start":{"line":449,"column":8},"end":{"line":449,"column":49}},"63":{"start":{"line":459,"column":8},"end":{"line":459,"column":15}},"64":{"start":{"line":467,"column":8},"end":{"line":467,"column":17}},"65":{"start":{"line":480,"column":8},"end":{"line":480,"column":18348}},"66":{"start":{"line":481,"column":12},"end":{"line":481,"column":23}},"67":{"start":{"line":485,"column":8},"end":{"line":485,"column":18505}},"68":{"start":{"line":499,"column":8},"end":{"line":499,"column":104}},"69":{"start":{"line":500,"column":8},"end":{"line":500,"column":18825}},"70":{"start":{"line":505,"column":8},"end":{"line":505,"column":18981}},"71":{"start":{"line":512,"column":8},"end":{"line":512,"column":22}},"72":{"start":{"line":516,"column":8},"end":{"line":516,"column":101}},"73":{"start":{"line":517,"column":8},"end":{"line":517,"column":77}},"74":{"start":{"line":518,"column":8},"end":{"line":518,"column":102}},"75":{"start":{"line":519,"column":8},"end":{"line":519,"column":110}},"76":{"start":{"line":530,"column":8},"end":{"line":530,"column":20142}},"77":{"start":{"line":546,"column":8},"end":{"line":546,"column":20466}},"78":{"start":{"line":547,"column":12},"end":{"line":547,"column":23}},"79":{"start":{"line":550,"column":8},"end":{"line":550,"column":67}},"80":{"start":{"line":563,"column":8},"end":{"line":563,"column":21190}},"81":{"start":{"line":564,"column":12},"end":{"line":564,"column":23}},"82":{"start":{"line":568,"column":8},"end":{"line":568,"column":21389}},"83":{"start":{"line":582,"column":8},"end":{"line":582,"column":28}},"84":{"start":{"line":585,"column":8},"end":{"line":585,"column":21684}},"85":{"start":{"line":586,"column":12},"end":{"line":586,"column":112}},"86":{"start":{"line":587,"column":12},"end":{"line":587,"column":21833}},"87":{"start":{"line":589,"column":16},"end":{"line":589,"column":120}},"88":{"start":{"line":590,"column":16},"end":{"line":590,"column":22065}},"89":{"start":{"line":597,"column":8},"end":{"line":597,"column":22299}},"90":{"start":{"line":598,"column":12},"end":{"line":598,"column":112}},"91":{"start":{"line":599,"column":12},"end":{"line":599,"column":22448}},"92":{"start":{"line":601,"column":16},"end":{"line":601,"column":120}},"93":{"start":{"line":602,"column":16},"end":{"line":602,"column":22680}},"94":{"start":{"line":609,"column":8},"end":{"line":609,"column":22910}},"95":{"start":{"line":610,"column":12},"end":{"line":610,"column":23}},"96":{"start":{"line":613,"column":8},"end":{"line":613,"column":23}},"97":{"start":{"line":625,"column":8},"end":{"line":625,"column":117}},"98":{"start":{"line":628,"column":8},"end":{"line":628,"column":23725}},"99":{"start":{"line":629,"column":12},"end":{"line":629,"column":23768}},"100":{"start":{"line":638,"column":12},"end":{"line":638,"column":71}},"101":{"start":{"line":642,"column":8},"end":{"line":642,"column":24316}},"102":{"start":{"line":653,"column":8},"end":{"line":653,"column":48}},"103":{"start":{"line":654,"column":8},"end":{"line":654,"column":24791}},"104":{"start":{"line":666,"column":8},"end":{"line":666,"column":110}},"105":{"start":{"line":667,"column":8},"end":{"line":667,"column":104}},"106":{"start":{"line":668,"column":8},"end":{"line":668,"column":25436}},"107":{"start":{"line":671,"column":8},"end":{"line":671,"column":46}},"108":{"start":{"line":674,"column":8},"end":{"line":674,"column":80}},"109":{"start":{"line":680,"column":8},"end":{"line":680,"column":25979}},"110":{"start":{"line":703,"column":8},"end":{"line":703,"column":113}},"111":{"start":{"line":704,"column":8},"end":{"line":704,"column":51}},"112":{"start":{"line":707,"column":8},"end":{"line":707,"column":27065}},"113":{"start":{"line":708,"column":12},"end":{"line":708,"column":83}},"114":{"start":{"line":710,"column":8},"end":{"line":710,"column":27188}},"115":{"start":{"line":711,"column":12},"end":{"line":711,"column":83}},"116":{"start":{"line":715,"column":8},"end":{"line":715,"column":27349}},"117":{"start":{"line":734,"column":8},"end":{"line":734,"column":52}},"118":{"start":{"line":742,"column":8},"end":{"line":742,"column":58}},"119":{"start":{"line":747,"column":8},"end":{"line":747,"column":28626}},"120":{"start":{"line":748,"column":12},"end":{"line":748,"column":77}},"121":{"start":{"line":750,"column":8},"end":{"line":750,"column":28743}},"122":{"start":{"line":751,"column":12},"end":{"line":751,"column":77}},"123":{"start":{"line":754,"column":8},"end":{"line":754,"column":77}},"124":{"start":{"line":758,"column":8},"end":{"line":758,"column":57}},"125":{"start":{"line":759,"column":8},"end":{"line":759,"column":29093}},"126":{"start":{"line":760,"column":12},"end":{"line":760,"column":29155}},"127":{"start":{"line":762,"column":16},"end":{"line":762,"column":27}},"128":{"start":{"line":776,"column":8},"end":{"line":776,"column":42}},"129":{"start":{"line":791,"column":8},"end":{"line":791,"column":30185}},"130":{"start":{"line":804,"column":8},"end":{"line":804,"column":37}},"131":{"start":{"line":815,"column":8},"end":{"line":815,"column":56}}},"branchMap":{"1":{"line":122,"type":"if","locations":[{"start":{"line":122,"column":8},"end":{"line":122,"column":8}},{"start":{"line":122,"column":8},"end":{"line":122,"column":8}}]},"2":{"line":122,"type":"cond-expr","locations":[{"start":{"line":122,"column":16},"end":{"line":122,"column":44}},{"start":{"line":122,"column":49},"end":{"line":122,"column":69}}]},"3":{"line":127,"type":"if","locations":[{"start":{"line":127,"column":8},"end":{"line":127,"column":8}},{"start":{"line":127,"column":8},"end":{"line":127,"column":8}}]},"4":{"line":150,"type":"if","locations":[{"start":{"line":150,"column":67},"end":{"line":150,"column":67}},{"start":{"line":150,"column":67},"end":{"line":150,"column":67}}]},"5":{"line":167,"type":"if","locations":[{"start":{"line":167,"column":15},"end":{"line":167,"column":15}},{"start":{"line":167,"column":15},"end":{"line":167,"column":15}}]},"6":{"line":168,"type":"if","locations":[{"start":{"line":168,"column":8},"end":{"line":168,"column":8}},{"start":{"line":168,"column":8},"end":{"line":168,"column":8}}]},"7":{"line":169,"type":"if","locations":[{"start":{"line":169,"column":8},"end":{"line":169,"column":8}},{"start":{"line":169,"column":8},"end":{"line":169,"column":8}}]},"8":{"line":188,"type":"if","locations":[{"start":{"line":188,"column":15},"end":{"line":188,"column":15}},{"start":{"line":188,"column":15},"end":{"line":188,"column":15}}]},"9":{"line":188,"type":"if","locations":[{"start":{"line":188,"column":28},"end":{"line":188,"column":28}},{"start":{"line":188,"column":28},"end":{"line":188,"column":28}}]},"10":{"line":190,"type":"if","locations":[{"start":{"line":190,"column":8},"end":{"line":190,"column":8}},{"start":{"line":190,"column":8},"end":{"line":190,"column":8}}]},"11":{"line":215,"type":"if","locations":[{"start":{"line":215,"column":56},"end":{"line":215,"column":56}},{"start":{"line":215,"column":56},"end":{"line":215,"column":56}}]},"12":{"line":215,"type":"if","locations":[{"start":{"line":215,"column":69},"end":{"line":215,"column":69}},{"start":{"line":215,"column":69},"end":{"line":215,"column":69}}]},"13":{"line":216,"type":"if","locations":[{"start":{"line":216,"column":8},"end":{"line":216,"column":8}},{"start":{"line":216,"column":8},"end":{"line":216,"column":8}}]},"14":{"line":236,"type":"if","locations":[{"start":{"line":236,"column":57},"end":{"line":236,"column":57}},{"start":{"line":236,"column":57},"end":{"line":236,"column":57}}]},"15":{"line":238,"type":"if","locations":[{"start":{"line":238,"column":8},"end":{"line":238,"column":8}},{"start":{"line":238,"column":8},"end":{"line":238,"column":8}}]},"16":{"line":241,"type":"if","locations":[{"start":{"line":241,"column":8},"end":{"line":241,"column":8}},{"start":{"line":241,"column":8},"end":{"line":241,"column":8}}]},"17":{"line":255,"type":"if","locations":[{"start":{"line":255,"column":55},"end":{"line":255,"column":55}},{"start":{"line":255,"column":55},"end":{"line":255,"column":55}}]},"18":{"line":255,"type":"if","locations":[{"start":{"line":255,"column":68},"end":{"line":255,"column":68}},{"start":{"line":255,"column":68},"end":{"line":255,"column":68}}]},"19":{"line":255,"type":"if","locations":[{"start":{"line":255,"column":89},"end":{"line":255,"column":89}},{"start":{"line":255,"column":89},"end":{"line":255,"column":89}}]},"20":{"line":255,"type":"if","locations":[{"start":{"line":255,"column":112},"end":{"line":255,"column":112}},{"start":{"line":255,"column":112},"end":{"line":255,"column":112}}]},"21":{"line":256,"type":"if","locations":[{"start":{"line":256,"column":8},"end":{"line":256,"column":8}},{"start":{"line":256,"column":8},"end":{"line":256,"column":8}}]},"22":{"line":257,"type":"if","locations":[{"start":{"line":257,"column":8},"end":{"line":257,"column":8}},{"start":{"line":257,"column":8},"end":{"line":257,"column":8}}]},"23":{"line":271,"type":"if","locations":[{"start":{"line":271,"column":8},"end":{"line":271,"column":8}},{"start":{"line":271,"column":8},"end":{"line":271,"column":8}}]},"24":{"line":271,"type":"cond-expr","locations":[{"start":{"line":271,"column":12},"end":{"line":271,"column":22}},{"start":{"line":271,"column":27},"end":{"line":271,"column":37}}]},"25":{"line":303,"type":"if","locations":[{"start":{"line":303,"column":65},"end":{"line":303,"column":65}},{"start":{"line":303,"column":65},"end":{"line":303,"column":65}}]},"26":{"line":303,"type":"if","locations":[{"start":{"line":303,"column":86},"end":{"line":303,"column":86}},{"start":{"line":303,"column":86},"end":{"line":303,"column":86}}]},"27":{"line":307,"type":"if","locations":[{"start":{"line":307,"column":12},"end":{"line":307,"column":12}},{"start":{"line":307,"column":12},"end":{"line":307,"column":12}}]},"28":{"line":317,"type":"if","locations":[{"start":{"line":317,"column":8},"end":{"line":317,"column":8}},{"start":{"line":317,"column":8},"end":{"line":317,"column":8}}]},"29":{"line":327,"type":"if","locations":[{"start":{"line":327,"column":63},"end":{"line":327,"column":63}},{"start":{"line":327,"column":63},"end":{"line":327,"column":63}}]},"30":{"line":341,"type":"if","locations":[{"start":{"line":341,"column":8},"end":{"line":341,"column":8}},{"start":{"line":341,"column":8},"end":{"line":341,"column":8}}]},"31":{"line":343,"type":"if","locations":[{"start":{"line":343,"column":12},"end":{"line":343,"column":12}},{"start":{"line":343,"column":12},"end":{"line":343,"column":12}}]},"32":{"line":364,"type":"if","locations":[{"start":{"line":364,"column":58},"end":{"line":364,"column":58}},{"start":{"line":364,"column":58},"end":{"line":364,"column":58}}]},"33":{"line":366,"type":"if","locations":[{"start":{"line":366,"column":8},"end":{"line":366,"column":8}},{"start":{"line":366,"column":8},"end":{"line":366,"column":8}}]},"34":{"line":371,"type":"cond-expr","locations":[{"start":{"line":371,"column":15},"end":{"line":371,"column":30}},{"start":{"line":371,"column":35},"end":{"line":371,"column":84}}]},"35":{"line":379,"type":"if","locations":[{"start":{"line":379,"column":56},"end":{"line":379,"column":56}},{"start":{"line":379,"column":56},"end":{"line":379,"column":56}}]},"36":{"line":379,"type":"if","locations":[{"start":{"line":379,"column":69},"end":{"line":379,"column":69}},{"start":{"line":379,"column":69},"end":{"line":379,"column":69}}]},"37":{"line":379,"type":"if","locations":[{"start":{"line":379,"column":90},"end":{"line":379,"column":90}},{"start":{"line":379,"column":90},"end":{"line":379,"column":90}}]},"38":{"line":379,"type":"if","locations":[{"start":{"line":379,"column":113},"end":{"line":379,"column":113}},{"start":{"line":379,"column":113},"end":{"line":379,"column":113}}]},"39":{"line":380,"type":"if","locations":[{"start":{"line":380,"column":8},"end":{"line":380,"column":8}},{"start":{"line":380,"column":8},"end":{"line":380,"column":8}}]},"40":{"line":381,"type":"if","locations":[{"start":{"line":381,"column":8},"end":{"line":381,"column":8}},{"start":{"line":381,"column":8},"end":{"line":381,"column":8}}]},"41":{"line":428,"type":"if","locations":[{"start":{"line":428,"column":15},"end":{"line":428,"column":15}},{"start":{"line":428,"column":15},"end":{"line":428,"column":15}}]},"42":{"line":429,"type":"if","locations":[{"start":{"line":429,"column":8},"end":{"line":429,"column":8}},{"start":{"line":429,"column":8},"end":{"line":429,"column":8}}]},"43":{"line":447,"type":"if","locations":[{"start":{"line":447,"column":78},"end":{"line":447,"column":78}},{"start":{"line":447,"column":78},"end":{"line":447,"column":78}}]},"44":{"line":458,"type":"if","locations":[{"start":{"line":458,"column":30},"end":{"line":458,"column":30}},{"start":{"line":458,"column":30},"end":{"line":458,"column":30}}]},"45":{"line":466,"type":"if","locations":[{"start":{"line":466,"column":32},"end":{"line":466,"column":32}},{"start":{"line":466,"column":32},"end":{"line":466,"column":32}}]},"46":{"line":480,"type":"if","locations":[{"start":{"line":480,"column":8},"end":{"line":480,"column":8}},{"start":{"line":480,"column":8},"end":{"line":480,"column":8}}]},"47":{"line":516,"type":"if","locations":[{"start":{"line":516,"column":8},"end":{"line":516,"column":8}},{"start":{"line":516,"column":8},"end":{"line":516,"column":8}}]},"48":{"line":517,"type":"if","locations":[{"start":{"line":517,"column":8},"end":{"line":517,"column":8}},{"start":{"line":517,"column":8},"end":{"line":517,"column":8}}]},"49":{"line":518,"type":"if","locations":[{"start":{"line":518,"column":8},"end":{"line":518,"column":8}},{"start":{"line":518,"column":8},"end":{"line":518,"column":8}}]},"50":{"line":519,"type":"if","locations":[{"start":{"line":519,"column":8},"end":{"line":519,"column":8}},{"start":{"line":519,"column":8},"end":{"line":519,"column":8}}]},"51":{"line":546,"type":"if","locations":[{"start":{"line":546,"column":8},"end":{"line":546,"column":8}},{"start":{"line":546,"column":8},"end":{"line":546,"column":8}}]},"52":{"line":563,"type":"if","locations":[{"start":{"line":563,"column":8},"end":{"line":563,"column":8}},{"start":{"line":563,"column":8},"end":{"line":563,"column":8}}]},"53":{"line":585,"type":"if","locations":[{"start":{"line":585,"column":8},"end":{"line":585,"column":8}},{"start":{"line":585,"column":8},"end":{"line":585,"column":8}}]},"54":{"line":587,"type":"if","locations":[{"start":{"line":587,"column":12},"end":{"line":587,"column":12}},{"start":{"line":587,"column":12},"end":{"line":587,"column":12}}]},"55":{"line":590,"type":"if","locations":[{"start":{"line":590,"column":16},"end":{"line":590,"column":16}},{"start":{"line":590,"column":16},"end":{"line":590,"column":16}}]},"56":{"line":597,"type":"if","locations":[{"start":{"line":597,"column":8},"end":{"line":597,"column":8}},{"start":{"line":597,"column":8},"end":{"line":597,"column":8}}]},"57":{"line":599,"type":"if","locations":[{"start":{"line":599,"column":12},"end":{"line":599,"column":12}},{"start":{"line":599,"column":12},"end":{"line":599,"column":12}}]},"58":{"line":602,"type":"if","locations":[{"start":{"line":602,"column":16},"end":{"line":602,"column":16}},{"start":{"line":602,"column":16},"end":{"line":602,"column":16}}]},"59":{"line":609,"type":"if","locations":[{"start":{"line":609,"column":8},"end":{"line":609,"column":8}},{"start":{"line":609,"column":8},"end":{"line":609,"column":8}}]},"60":{"line":609,"type":"cond-expr","locations":[{"start":{"line":609,"column":30},"end":{"line":609,"column":40}},{"start":{"line":609,"column":45},"end":{"line":609,"column":55}}]},"61":{"line":628,"type":"if","locations":[{"start":{"line":628,"column":8},"end":{"line":628,"column":8}},{"start":{"line":628,"column":8},"end":{"line":628,"column":8}}]},"62":{"line":654,"type":"if","locations":[{"start":{"line":654,"column":8},"end":{"line":654,"column":8}},{"start":{"line":654,"column":8},"end":{"line":654,"column":8}}]},"63":{"line":680,"type":"if","locations":[{"start":{"line":680,"column":8},"end":{"line":680,"column":8}},{"start":{"line":680,"column":8},"end":{"line":680,"column":8}}]},"64":{"line":707,"type":"if","locations":[{"start":{"line":707,"column":8},"end":{"line":707,"column":8}},{"start":{"line":707,"column":8},"end":{"line":707,"column":8}}]},"65":{"line":710,"type":"if","locations":[{"start":{"line":710,"column":8},"end":{"line":710,"column":8}},{"start":{"line":710,"column":8},"end":{"line":710,"column":8}}]},"66":{"line":747,"type":"if","locations":[{"start":{"line":747,"column":8},"end":{"line":747,"column":8}},{"start":{"line":747,"column":8},"end":{"line":747,"column":8}}]},"67":{"line":750,"type":"if","locations":[{"start":{"line":750,"column":8},"end":{"line":750,"column":8}},{"start":{"line":750,"column":8},"end":{"line":750,"column":8}}]},"68":{"line":760,"type":"if","locations":[{"start":{"line":760,"column":12},"end":{"line":760,"column":12}},{"start":{"line":760,"column":12},"end":{"line":760,"column":12}}]}}},"contracts/interfaces/IPriceAggregator.sol":{"l":{},"path":"/Users/melted/Documents/GitHub/Dexter/contracts/mvp/contracts/interfaces/IPriceAggregator.sol","s":{},"b":{},"f":{},"fnMap":{},"statementMap":{},"branchMap":{}},"contracts/libraries/TWAPOracle.sol":{"l":{"32":0,"33":0,"37":0,"40":0,"43":0,"48":0,"51":0,"52":0,"64":0,"65":0,"66":0,"68":0,"70":0,"72":0,"75":0,"76":0,"89":0,"90":0,"92":0,"93":0,"104":0,"107":0,"108":0,"109":0,"111":0,"112":0,"126":0,"130":0,"132":0,"149":0,"152":0,"154":0,"155":0,"158":0,"161":0,"162":0,"163":0,"165":0,"166":0,"168":0,"170":0,"174":0},"path":"/Users/melted/Documents/GitHub/Dexter/contracts/mvp/contracts/libraries/TWAPOracle.sol","s":{"1":0,"2":0,"3":0,"4":0,"5":0,"6":0,"7":0,"8":0,"9":0,"10":0,"11":0,"12":0,"13":0,"14":0,"15":0,"16":0,"17":0,"18":0,"19":0,"20":0,"21":0,"22":0,"23":0,"24":0,"25":0},"b":{"1":[0,0],"2":[0,0],"3":[0,0],"4":[0,0],"5":[0,0],"6":[0,0],"7":[0,0],"8":[0,0],"9":[0,0],"10":[0,0],"11":[0,0]},"f":{"1":0,"2":0,"3":0,"4":0,"5":0,"6":0},"fnMap":{"1":{"name":"verifyTWAP","line":26,"loc":{"start":{"line":26,"column":4},"end":{"line":54,"column":4}}},"2":{"name":"getTWAPTick","line":60,"loc":{"start":{"line":60,"column":4},"end":{"line":78,"column":4}}},"3":{"name":"getPrices","line":85,"loc":{"start":{"line":85,"column":4},"end":{"line":94,"column":4}}},"4":{"name":"getQuoteAtTick","line":100,"loc":{"start":{"line":100,"column":4},"end":{"line":114,"column":4}}},"5":{"name":"validatePriceDeviation","line":121,"loc":{"start":{"line":121,"column":4},"end":{"line":133,"column":4}}},"6":{"name":"validateWithMultiOracle","line":142,"loc":{"start":{"line":142,"column":4},"end":{"line":175,"column":4}}}},"statementMap":{"1":{"start":{"line":32,"column":8},"end":{"line":32,"column":1355}},"2":{"start":{"line":37,"column":8},"end":{"line":37,"column":54}},"3":{"start":{"line":43,"column":8},"end":{"line":43,"column":1707}},"4":{"start":{"line":51,"column":8},"end":{"line":51,"column":1992}},"5":{"start":{"line":64,"column":8},"end":{"line":64,"column":53}},"6":{"start":{"line":68,"column":8},"end":{"line":68,"column":70}},"7":{"start":{"line":70,"column":8},"end":{"line":70,"column":76}},"8":{"start":{"line":75,"column":8},"end":{"line":75,"column":2873}},"9":{"start":{"line":89,"column":8},"end":{"line":89,"column":54}},"10":{"start":{"line":90,"column":8},"end":{"line":90,"column":54}},"11":{"start":{"line":104,"column":8},"end":{"line":104,"column":64}},"12":{"start":{"line":107,"column":8},"end":{"line":107,"column":4124}},"13":{"start":{"line":108,"column":12},"end":{"line":108,"column":68}},"14":{"start":{"line":111,"column":12},"end":{"line":111,"column":84}},"15":{"start":{"line":126,"column":8},"end":{"line":126,"column":5040}},"16":{"start":{"line":130,"column":8},"end":{"line":130,"column":68}},"17":{"start":{"line":149,"column":8},"end":{"line":149,"column":79}},"18":{"start":{"line":152,"column":8},"end":{"line":152,"column":89}},"19":{"start":{"line":154,"column":8},"end":{"line":154,"column":6181}},"20":{"start":{"line":155,"column":12},"end":{"line":155,"column":29}},"21":{"start":{"line":161,"column":8},"end":{"line":161,"column":6390}},"22":{"start":{"line":162,"column":12},"end":{"line":162,"column":103}},"23":{"start":{"line":163,"column":12},"end":{"line":163,"column":108}},"24":{"start":{"line":165,"column":12},"end":{"line":165,"column":6660}},"25":{"start":{"line":167,"column":19},"end":{"line":167,"column":6798}}},"branchMap":{"1":{"line":32,"type":"if","locations":[{"start":{"line":32,"column":8},"end":{"line":32,"column":8}},{"start":{"line":32,"column":8},"end":{"line":32,"column":8}}]},"2":{"line":44,"type":"if","locations":[{"start":{"line":44,"column":14},"end":{"line":44,"column":35}},{"start":{"line":45,"column":14},"end":{"line":45,"column":35}}]},"3":{"line":51,"type":"if","locations":[{"start":{"line":51,"column":8},"end":{"line":51,"column":8}},{"start":{"line":51,"column":8},"end":{"line":51,"column":8}}]},"4":{"line":75,"type":"if","locations":[{"start":{"line":75,"column":8},"end":{"line":75,"column":8}},{"start":{"line":75,"column":8},"end":{"line":75,"column":8}}]},"5":{"line":107,"type":"if","locations":[{"start":{"line":107,"column":8},"end":{"line":107,"column":8}},{"start":{"line":107,"column":8},"end":{"line":107,"column":8}}]},"6":{"line":127,"type":"if","locations":[{"start":{"line":127,"column":14},"end":{"line":127,"column":42}},{"start":{"line":128,"column":14},"end":{"line":128,"column":42}}]},"7":{"line":154,"type":"if","locations":[{"start":{"line":154,"column":8},"end":{"line":154,"column":8}},{"start":{"line":154,"column":8},"end":{"line":154,"column":8}}]},"8":{"line":161,"type":"if","locations":[{"start":{"line":161,"column":8},"end":{"line":161,"column":8}},{"start":{"line":161,"column":8},"end":{"line":161,"column":8}}]},"9":{"line":165,"type":"if","locations":[{"start":{"line":165,"column":12},"end":{"line":165,"column":12}},{"start":{"line":165,"column":12},"end":{"line":165,"column":12}}]},"10":{"line":167,"type":"if","locations":[{"start":{"line":167,"column":19},"end":{"line":167,"column":19}},{"start":{"line":167,"column":19},"end":{"line":167,"column":19}}]},"11":{"line":167,"type":"cond-expr","locations":[{"start":{"line":167,"column":23},"end":{"line":167,"column":36}},{"start":{"line":167,"column":41},"end":{"line":167,"column":58}}]}}},"contracts/UltraFrequentCompounder.sol":{"l":{"70":0,"71":0,"77":4,"88":1,"89":1,"92":0,"93":0,"94":0,"98":0,"99":0,"107":0,"109":0,"110":0,"113":0,"123":0,"125":0,"137":0,"138":0,"139":0,"142":0,"143":0,"144":0,"145":0,"147":0,"156":0,"158":0,"159":0,"161":0,"162":0,"163":0,"164":0,"167":0,"172":0,"174":0,"176":0,"184":0,"185":0,"188":0,"189":0,"190":0,"191":0,"196":0,"197":0,"198":0,"202":0,"203":0,"218":0,"219":0,"220":0,"222":0,"224":0,"232":0,"240":0,"242":0,"251":1,"252":1,"265":0,"266":0,"268":0,"269":0,"270":0,"271":0,"276":0,"277":0,"278":0,"294":0,"295":0,"313":0,"332":0},"path":"/Users/melted/Documents/GitHub/Dexter/contracts/mvp/contracts/UltraFrequentCompounder.sol","s":{"1":0,"2":1,"3":1,"4":1,"5":0,"6":0,"7":0,"8":0,"9":0,"10":0,"11":0,"12":0,"13":0,"14":0,"15":0,"16":0,"17":0,"18":0,"19":0,"20":0,"21":0,"22":0,"23":0,"24":0,"25":0,"26":0,"27":0,"28":0,"29":0,"30":0,"31":0,"32":0,"33":0,"34":0,"35":0,"36":0,"37":0,"38":0,"39":0,"40":0,"41":1,"42":0,"43":0,"44":0,"45":0,"46":0,"47":0,"48":0,"49":0,"50":0},"b":{"1":[0,0],"2":[0,0],"3":[1,0],"4":[0,0],"5":[0,0],"6":[0,0],"7":[0,0],"8":[0,0],"9":[0,0],"10":[0,0],"11":[0,0],"12":[0,0],"13":[0,0],"14":[0,0],"15":[0,0],"16":[0,0],"17":[0,0],"18":[0,0],"19":[0,0],"20":[0,0],"21":[0,0],"22":[0,0],"23":[1,1],"24":[0,0]},"f":{"1":0,"2":4,"3":1,"4":0,"5":0,"6":0,"7":0,"8":0,"9":1,"10":0,"11":0,"12":0,"13":0},"fnMap":{"1":{"name":"onlyKeeper","line":69,"loc":{"start":{"line":69,"column":4},"end":{"line":72,"column":4}}},"2":{"name":"constructor","line":76,"loc":{"start":{"line":76,"column":4},"end":{"line":78,"column":4}}},"3":{"name":"shouldCompound","line":87,"loc":{"start":{"line":87,"column":4},"end":{"line":100,"column":4}}},"4":{"name":"executeCompound","line":106,"loc":{"start":{"line":106,"column":4},"end":{"line":149,"column":4}}},"5":{"name":"batchCompound","line":155,"loc":{"start":{"line":155,"column":4},"end":{"line":177,"column":4}}},"6":{"name":"smartBatchCompound","line":183,"loc":{"start":{"line":183,"column":4},"end":{"line":205,"column":4}}},"7":{"name":"setCompoundSettings","line":217,"loc":{"start":{"line":214,"column":4},"end":{"line":225,"column":4}}},"8":{"name":"setUltraFrequentDefaults","line":231,"loc":{"start":{"line":231,"column":4},"end":{"line":243,"column":4}}},"9":{"name":"setKeeperAuthorization","line":250,"loc":{"start":{"line":250,"column":4},"end":{"line":253,"column":4}}},"10":{"name":"getPositionsReadyForCompound","line":262,"loc":{"start":{"line":262,"column":4},"end":{"line":280,"column":4}}},"11":{"name":"getCompoundMetrics","line":289,"loc":{"start":{"line":289,"column":4},"end":{"line":300,"column":4}}},"12":{"name":"getSystemMetrics","line":308,"loc":{"start":{"line":308,"column":4},"end":{"line":318,"column":4}}},"13":{"name":"_getUnclaimedFeesValue","line":327,"loc":{"start":{"line":327,"column":4},"end":{"line":333,"column":4}}}},"statementMap":{"1":{"start":{"line":70,"column":8},"end":{"line":70,"column":88}},"2":{"start":{"line":88,"column":8},"end":{"line":88,"column":68}},"3":{"start":{"line":89,"column":8},"end":{"line":89,"column":43}},"4":{"start":{"line":89,"column":31},"end":{"line":89,"column":43}},"5":{"start":{"line":92,"column":8},"end":{"line":92,"column":83}},"6":{"start":{"line":93,"column":8},"end":{"line":93,"column":3265}},"7":{"start":{"line":94,"column":12},"end":{"line":94,"column":23}},"8":{"start":{"line":98,"column":8},"end":{"line":98,"column":63}},"9":{"start":{"line":99,"column":8},"end":{"line":99,"column":56}},"10":{"start":{"line":107,"column":8},"end":{"line":107,"column":62}},"11":{"start":{"line":109,"column":8},"end":{"line":109,"column":36}},"12":{"start":{"line":110,"column":8},"end":{"line":110,"column":69}},"13":{"start":{"line":113,"column":8},"end":{"line":113,"column":4013}},"14":{"start":{"line":123,"column":8},"end":{"line":123,"column":4420}},"15":{"start":{"line":125,"column":12},"end":{"line":125,"column":4524}},"16":{"start":{"line":142,"column":12},"end":{"line":142,"column":50}},"17":{"start":{"line":147,"column":12},"end":{"line":147,"column":91}},"18":{"start":{"line":156,"column":8},"end":{"line":156,"column":68}},"19":{"start":{"line":158,"column":8},"end":{"line":158,"column":36}},"20":{"start":{"line":159,"column":8},"end":{"line":159,"column":32}},"21":{"start":{"line":161,"column":8},"end":{"line":161,"column":5989}},"22":{"start":{"line":162,"column":12},"end":{"line":162,"column":6053}},"23":{"start":{"line":163,"column":16},"end":{"line":163,"column":6108}},"24":{"start":{"line":172,"column":8},"end":{"line":172,"column":51}},"25":{"start":{"line":174,"column":8},"end":{"line":174,"column":57}},"26":{"start":{"line":176,"column":8},"end":{"line":176,"column":72}},"27":{"start":{"line":184,"column":8},"end":{"line":184,"column":73}},"28":{"start":{"line":185,"column":8},"end":{"line":185,"column":30}},"29":{"start":{"line":188,"column":8},"end":{"line":188,"column":6975}},"30":{"start":{"line":189,"column":12},"end":{"line":189,"column":7039}},"31":{"start":{"line":196,"column":8},"end":{"line":196,"column":62}},"32":{"start":{"line":197,"column":8},"end":{"line":197,"column":7299}},"33":{"start":{"line":202,"column":8},"end":{"line":202,"column":7450}},"34":{"start":{"line":203,"column":12},"end":{"line":203,"column":40}},"35":{"start":{"line":218,"column":8},"end":{"line":218,"column":92}},"36":{"start":{"line":219,"column":8},"end":{"line":219,"column":75}},"37":{"start":{"line":220,"column":8},"end":{"line":220,"column":85}},"38":{"start":{"line":224,"column":8},"end":{"line":224,"column":55}},"39":{"start":{"line":232,"column":8},"end":{"line":232,"column":8490}},"40":{"start":{"line":242,"column":8},"end":{"line":242,"column":55}},"41":{"start":{"line":252,"column":8},"end":{"line":252,"column":49}},"42":{"start":{"line":265,"column":8},"end":{"line":265,"column":63}},"43":{"start":{"line":266,"column":8},"end":{"line":266,"column":30}},"44":{"start":{"line":268,"column":8},"end":{"line":268,"column":9768}},"45":{"start":{"line":269,"column":12},"end":{"line":269,"column":9832}},"46":{"start":{"line":277,"column":8},"end":{"line":277,"column":10070}},"47":{"start":{"line":294,"column":8},"end":{"line":294,"column":68}},"48":{"start":{"line":295,"column":8},"end":{"line":295,"column":10677}},"49":{"start":{"line":313,"column":8},"end":{"line":313,"column":11180}},"50":{"start":{"line":332,"column":8},"end":{"line":332,"column":44}}},"branchMap":{"1":{"line":70,"type":"if","locations":[{"start":{"line":70,"column":8},"end":{"line":70,"column":8}},{"start":{"line":70,"column":8},"end":{"line":70,"column":8}}]},"2":{"line":70,"type":"cond-expr","locations":[{"start":{"line":70,"column":16},"end":{"line":70,"column":44}},{"start":{"line":70,"column":49},"end":{"line":70,"column":69}}]},"3":{"line":89,"type":"if","locations":[{"start":{"line":89,"column":8},"end":{"line":89,"column":8}},{"start":{"line":89,"column":8},"end":{"line":89,"column":8}}]},"4":{"line":93,"type":"if","locations":[{"start":{"line":93,"column":8},"end":{"line":93,"column":8}},{"start":{"line":93,"column":8},"end":{"line":93,"column":8}}]},"5":{"line":106,"type":"if","locations":[{"start":{"line":106,"column":55},"end":{"line":106,"column":55}},{"start":{"line":106,"column":55},"end":{"line":106,"column":55}}]},"6":{"line":106,"type":"if","locations":[{"start":{"line":106,"column":66},"end":{"line":106,"column":66}},{"start":{"line":106,"column":66},"end":{"line":106,"column":66}}]},"7":{"line":107,"type":"if","locations":[{"start":{"line":107,"column":8},"end":{"line":107,"column":8}},{"start":{"line":107,"column":8},"end":{"line":107,"column":8}}]},"8":{"line":123,"type":"if","locations":[{"start":{"line":123,"column":8},"end":{"line":123,"column":8}},{"start":{"line":123,"column":8},"end":{"line":123,"column":8}}]},"9":{"line":123,"type":"cond-expr","locations":[{"start":{"line":123,"column":12},"end":{"line":123,"column":22}},{"start":{"line":123,"column":27},"end":{"line":123,"column":37}}]},"10":{"line":155,"type":"if","locations":[{"start":{"line":155,"column":65},"end":{"line":155,"column":65}},{"start":{"line":155,"column":65},"end":{"line":155,"column":65}}]},"11":{"line":155,"type":"if","locations":[{"start":{"line":155,"column":76},"end":{"line":155,"column":76}},{"start":{"line":155,"column":76},"end":{"line":155,"column":76}}]},"12":{"line":156,"type":"if","locations":[{"start":{"line":156,"column":8},"end":{"line":156,"column":8}},{"start":{"line":156,"column":8},"end":{"line":156,"column":8}}]},"13":{"line":162,"type":"if","locations":[{"start":{"line":162,"column":12},"end":{"line":162,"column":12}},{"start":{"line":162,"column":12},"end":{"line":162,"column":12}}]},"14":{"line":174,"type":"if","locations":[{"start":{"line":174,"column":8},"end":{"line":174,"column":8}},{"start":{"line":174,"column":8},"end":{"line":174,"column":8}}]},"15":{"line":183,"type":"if","locations":[{"start":{"line":183,"column":70},"end":{"line":183,"column":70}},{"start":{"line":183,"column":70},"end":{"line":183,"column":70}}]},"16":{"line":189,"type":"if","locations":[{"start":{"line":189,"column":12},"end":{"line":189,"column":12}},{"start":{"line":189,"column":12},"end":{"line":189,"column":12}}]},"17":{"line":202,"type":"if","locations":[{"start":{"line":202,"column":8},"end":{"line":202,"column":8}},{"start":{"line":202,"column":8},"end":{"line":202,"column":8}}]},"18":{"line":217,"type":"if","locations":[{"start":{"line":217,"column":15},"end":{"line":217,"column":15}},{"start":{"line":217,"column":15},"end":{"line":217,"column":15}}]},"19":{"line":218,"type":"if","locations":[{"start":{"line":218,"column":8},"end":{"line":218,"column":8}},{"start":{"line":218,"column":8},"end":{"line":218,"column":8}}]},"20":{"line":219,"type":"if","locations":[{"start":{"line":219,"column":8},"end":{"line":219,"column":8}},{"start":{"line":219,"column":8},"end":{"line":219,"column":8}}]},"21":{"line":220,"type":"if","locations":[{"start":{"line":220,"column":8},"end":{"line":220,"column":8}},{"start":{"line":220,"column":8},"end":{"line":220,"column":8}}]},"22":{"line":231,"type":"if","locations":[{"start":{"line":231,"column":64},"end":{"line":231,"column":64}},{"start":{"line":231,"column":64},"end":{"line":231,"column":64}}]},"23":{"line":250,"type":"if","locations":[{"start":{"line":250,"column":78},"end":{"line":250,"column":78}},{"start":{"line":250,"column":78},"end":{"line":250,"column":78}}]},"24":{"line":269,"type":"if","locations":[{"start":{"line":269,"column":12},"end":{"line":269,"column":12}},{"start":{"line":269,"column":12},"end":{"line":269,"column":12}}]}}},"contracts/vendor/uniswap/interfaces/IERC721Permit.sol":{"l":{},"path":"/Users/melted/Documents/GitHub/Dexter/contracts/mvp/contracts/vendor/uniswap/interfaces/IERC721Permit.sol","s":{},"b":{},"f":{},"fnMap":{},"statementMap":{},"branchMap":{}},"contracts/vendor/uniswap/interfaces/INonfungiblePositionManager.sol":{"l":{},"path":"/Users/melted/Documents/GitHub/Dexter/contracts/mvp/contracts/vendor/uniswap/interfaces/INonfungiblePositionManager.sol","s":{},"b":{},"f":{},"fnMap":{},"statementMap":{},"branchMap":{}},"contracts/vendor/uniswap/interfaces/IPeripheryImmutableState.sol":{"l":{},"path":"/Users/melted/Documents/GitHub/Dexter/contracts/mvp/contracts/vendor/uniswap/interfaces/IPeripheryImmutableState.sol","s":{},"b":{},"f":{},"fnMap":{},"statementMap":{},"branchMap":{}},"contracts/vendor/uniswap/interfaces/IPeripheryPayments.sol":{"l":{},"path":"/Users/melted/Documents/GitHub/Dexter/contracts/mvp/contracts/vendor/uniswap/interfaces/IPeripheryPayments.sol","s":{},"b":{},"f":{},"fnMap":{},"statementMap":{},"branchMap":{}},"contracts/vendor/uniswap/interfaces/IPoolInitializer.sol":{"l":{},"path":"/Users/melted/Documents/GitHub/Dexter/contracts/mvp/contracts/vendor/uniswap/interfaces/IPoolInitializer.sol","s":{},"b":{},"f":{},"fnMap":{},"statementMap":{},"branchMap":{}},"contracts/vendor/uniswap/interfaces/ISwapRouter.sol":{"l":{},"path":"/Users/melted/Documents/GitHub/Dexter/contracts/mvp/contracts/vendor/uniswap/interfaces/ISwapRouter.sol","s":{},"b":{},"f":{},"fnMap":{},"statementMap":{},"branchMap":{}},"contracts/vendor/uniswap/libraries/FixedPoint96.sol":{"l":{},"path":"/Users/melted/Documents/GitHub/Dexter/contracts/mvp/contracts/vendor/uniswap/libraries/FixedPoint96.sol","s":{},"b":{},"f":{},"fnMap":{},"statementMap":{},"branchMap":{}},"contracts/vendor/uniswap/libraries/FullMath.sol":{"l":{"24":0,"25":0,"26":0,"33":0,"34":0,"35":0,"38":0,"43":0,"51":0,"52":0,"56":0,"64":0,"66":0,"71":0,"77":0,"80":0,"87":0,"91":0,"92":0,"93":0,"94":0,"95":0,"96":0,"104":0,"105":0,"118":0,"119":0,"120":0,"121":0},"path":"/Users/melted/Documents/GitHub/Dexter/contracts/mvp/contracts/vendor/uniswap/libraries/FullMath.sol","s":{"1":0,"2":0,"3":0,"4":0,"5":0,"6":0,"7":0,"8":0,"9":0,"10":0,"11":0,"12":0},"b":{"1":[0,0],"2":[0,0],"3":[0,0],"4":[0,0],"5":[0,0]},"f":{"1":0,"2":0},"fnMap":{"1":{"name":"mulDiv","line":14,"loc":{"start":{"line":14,"column":4},"end":{"line":106,"column":4}}},"2":{"name":"mulDivRoundingUp","line":113,"loc":{"start":{"line":113,"column":4},"end":{"line":123,"column":4}}}},"statementMap":{"1":{"start":{"line":24,"column":8},"end":{"line":24,"column":21}},"2":{"start":{"line":25,"column":8},"end":{"line":25,"column":21}},"3":{"start":{"line":33,"column":8},"end":{"line":33,"column":1543}},"4":{"start":{"line":34,"column":12},"end":{"line":34,"column":35}},"5":{"start":{"line":38,"column":12},"end":{"line":38,"column":25}},"6":{"start":{"line":43,"column":8},"end":{"line":43,"column":35}},"7":{"start":{"line":51,"column":8},"end":{"line":51,"column":25}},"8":{"start":{"line":64,"column":8},"end":{"line":64,"column":74}},"9":{"start":{"line":87,"column":8},"end":{"line":87,"column":43}},"10":{"start":{"line":105,"column":8},"end":{"line":105,"column":21}},"11":{"start":{"line":119,"column":8},"end":{"line":119,"column":5022}},"12":{"start":{"line":120,"column":12},"end":{"line":120,"column":46}}},"branchMap":{"1":{"line":33,"type":"if","locations":[{"start":{"line":33,"column":8},"end":{"line":33,"column":8}},{"start":{"line":33,"column":8},"end":{"line":33,"column":8}}]},"2":{"line":34,"type":"if","locations":[{"start":{"line":34,"column":12},"end":{"line":34,"column":12}},{"start":{"line":34,"column":12},"end":{"line":34,"column":12}}]},"3":{"line":43,"type":"if","locations":[{"start":{"line":43,"column":8},"end":{"line":43,"column":8}},{"start":{"line":43,"column":8},"end":{"line":43,"column":8}}]},"4":{"line":119,"type":"if","locations":[{"start":{"line":119,"column":8},"end":{"line":119,"column":8}},{"start":{"line":119,"column":8},"end":{"line":119,"column":8}}]},"5":{"line":120,"type":"if","locations":[{"start":{"line":120,"column":12},"end":{"line":120,"column":12}},{"start":{"line":120,"column":12},"end":{"line":120,"column":12}}]}}},"contracts/vendor/uniswap/libraries/LiquidityAmounts.sol":{"l":{"14":0,"28":0,"29":0,"30":0,"44":0,"45":0,"63":0,"65":0,"66":0,"68":0,"69":0,"71":0,"73":0,"87":0,"89":0,"107":0,"109":0,"126":0,"128":0,"129":0,"131":0,"132":0,"134":0},"path":"/Users/melted/Documents/GitHub/Dexter/contracts/mvp/contracts/vendor/uniswap/libraries/LiquidityAmounts.sol","s":{"1":0,"2":0,"3":0,"4":0,"5":0,"6":0,"7":0,"8":0,"9":0,"10":0,"11":0,"12":0,"13":0,"14":0,"15":0,"16":0,"17":0,"18":0},"b":{"1":[0,0],"2":[0,0],"3":[0,0],"4":[0,0],"5":[0,0],"6":[0,0],"7":[0,0],"8":[0,0],"9":[0,0],"10":[0,0],"11":[0,0],"12":[0,0]},"f":{"1":0,"2":0,"3":0,"4":0,"5":0,"6":0,"7":0},"fnMap":{"1":{"name":"toUint128","line":13,"loc":{"start":{"line":13,"column":4},"end":{"line":15,"column":4}}},"2":{"name":"getLiquidityForAmount0","line":23,"loc":{"start":{"line":23,"column":4},"end":{"line":31,"column":4}}},"3":{"name":"getLiquidityForAmount1","line":39,"loc":{"start":{"line":39,"column":4},"end":{"line":46,"column":4}}},"4":{"name":"getLiquidityForAmounts","line":56,"loc":{"start":{"line":56,"column":4},"end":{"line":75,"column":4}}},"5":{"name":"getAmount0ForLiquidity","line":82,"loc":{"start":{"line":82,"column":4},"end":{"line":95,"column":4}}},"6":{"name":"getAmount1ForLiquidity","line":102,"loc":{"start":{"line":102,"column":4},"end":{"line":110,"column":4}}},"7":{"name":"getAmountsForLiquidity","line":120,"loc":{"start":{"line":120,"column":4},"end":{"line":136,"column":4}}}},"statementMap":{"1":{"start":{"line":14,"column":8},"end":{"line":14,"column":37}},"2":{"start":{"line":28,"column":8},"end":{"line":28,"column":106}},"3":{"start":{"line":29,"column":8},"end":{"line":29,"column":94}},"4":{"start":{"line":30,"column":8},"end":{"line":30,"column":95}},"5":{"start":{"line":44,"column":8},"end":{"line":44,"column":106}},"6":{"start":{"line":45,"column":8},"end":{"line":45,"column":99}},"7":{"start":{"line":63,"column":8},"end":{"line":63,"column":106}},"8":{"start":{"line":65,"column":8},"end":{"line":65,"column":3262}},"9":{"start":{"line":67,"column":15},"end":{"line":67,"column":3401}},"10":{"start":{"line":68,"column":12},"end":{"line":68,"column":93}},"11":{"start":{"line":69,"column":12},"end":{"line":69,"column":93}},"12":{"start":{"line":87,"column":8},"end":{"line":87,"column":106}},"13":{"start":{"line":89,"column":8},"end":{"line":89,"column":4487}},"14":{"start":{"line":107,"column":8},"end":{"line":107,"column":106}},"15":{"start":{"line":109,"column":8},"end":{"line":109,"column":90}},"16":{"start":{"line":126,"column":8},"end":{"line":126,"column":106}},"17":{"start":{"line":128,"column":8},"end":{"line":128,"column":6285}},"18":{"start":{"line":130,"column":15},"end":{"line":130,"column":6424}}},"branchMap":{"1":{"line":14,"type":"if","locations":[{"start":{"line":14,"column":8},"end":{"line":14,"column":8}},{"start":{"line":14,"column":8},"end":{"line":14,"column":8}}]},"2":{"line":28,"type":"if","locations":[{"start":{"line":28,"column":8},"end":{"line":28,"column":8}},{"start":{"line":28,"column":8},"end":{"line":28,"column":8}}]},"3":{"line":44,"type":"if","locations":[{"start":{"line":44,"column":8},"end":{"line":44,"column":8}},{"start":{"line":44,"column":8},"end":{"line":44,"column":8}}]},"4":{"line":63,"type":"if","locations":[{"start":{"line":63,"column":8},"end":{"line":63,"column":8}},{"start":{"line":63,"column":8},"end":{"line":63,"column":8}}]},"5":{"line":65,"type":"if","locations":[{"start":{"line":65,"column":8},"end":{"line":65,"column":8}},{"start":{"line":65,"column":8},"end":{"line":65,"column":8}}]},"6":{"line":67,"type":"if","locations":[{"start":{"line":67,"column":15},"end":{"line":67,"column":15}},{"start":{"line":67,"column":15},"end":{"line":67,"column":15}}]},"7":{"line":71,"type":"if","locations":[{"start":{"line":71,"column":50},"end":{"line":71,"column":59}},{"start":{"line":71,"column":63},"end":{"line":71,"column":72}}]},"8":{"line":87,"type":"if","locations":[{"start":{"line":87,"column":8},"end":{"line":87,"column":8}},{"start":{"line":87,"column":8},"end":{"line":87,"column":8}}]},"9":{"line":107,"type":"if","locations":[{"start":{"line":107,"column":8},"end":{"line":107,"column":8}},{"start":{"line":107,"column":8},"end":{"line":107,"column":8}}]},"10":{"line":126,"type":"if","locations":[{"start":{"line":126,"column":8},"end":{"line":126,"column":8}},{"start":{"line":126,"column":8},"end":{"line":126,"column":8}}]},"11":{"line":128,"type":"if","locations":[{"start":{"line":128,"column":8},"end":{"line":128,"column":8}},{"start":{"line":128,"column":8},"end":{"line":128,"column":8}}]},"12":{"line":130,"type":"if","locations":[{"start":{"line":130,"column":15},"end":{"line":130,"column":15}},{"start":{"line":130,"column":15},"end":{"line":130,"column":15}}]}}},"contracts/vendor/uniswap/libraries/TickMath.sol":{"l":{"24":0,"25":0,"27":0,"28":0,"29":0,"30":0,"31":0,"32":0,"33":0,"34":0,"35":0,"36":0,"37":0,"38":0,"39":0,"40":0,"41":0,"42":0,"43":0,"44":0,"45":0,"46":0,"48":0,"53":0,"63":0,"64":0,"66":0,"67":0,"69":0,"74":0,"79":0,"84":0,"89":0,"94":0,"99":0,"104":0,"109":0,"112":0,"114":0,"120":0,"126":0,"132":0,"138":0,"144":0,"150":0,"156":0,"162":0,"168":0,"174":0,"180":0,"186":0,"192":0,"198":0,"200":0,"201":0,"203":0},"path":"/Users/melted/Documents/GitHub/Dexter/contracts/mvp/contracts/vendor/uniswap/libraries/TickMath.sol","s":{"1":0,"2":0,"3":0,"4":0,"5":0,"6":0,"7":0,"8":0,"9":0,"10":0,"11":0,"12":0,"13":0,"14":0,"15":0,"16":0,"17":0,"18":0,"19":0,"20":0,"21":0,"22":0,"23":0,"24":0,"25":0,"26":0,"27":0,"28":0,"29":0,"30":0,"31":0,"32":0},"b":{"1":[0,0],"2":[0,0],"3":[0,0],"4":[0,0],"5":[0,0],"6":[0,0],"7":[0,0],"8":[0,0],"9":[0,0],"10":[0,0],"11":[0,0],"12":[0,0],"13":[0,0],"14":[0,0],"15":[0,0],"16":[0,0],"17":[0,0],"18":[0,0],"19":[0,0],"20":[0,0],"21":[0,0],"22":[0,0],"23":[0,0],"24":[0,0],"25":[0,0],"26":[0,0],"27":[0,0]},"f":{"1":0,"2":0},"fnMap":{"1":{"name":"getSqrtRatioAtTick","line":23,"loc":{"start":{"line":23,"column":4},"end":{"line":54,"column":4}}},"2":{"name":"getTickAtSqrtRatio","line":61,"loc":{"start":{"line":61,"column":4},"end":{"line":204,"column":4}}}},"statementMap":{"1":{"start":{"line":24,"column":8},"end":{"line":24,"column":83}},"2":{"start":{"line":25,"column":8},"end":{"line":25,"column":57}},"3":{"start":{"line":27,"column":8},"end":{"line":27,"column":117}},"4":{"start":{"line":28,"column":8},"end":{"line":28,"column":91}},"5":{"start":{"line":29,"column":8},"end":{"line":29,"column":91}},"6":{"start":{"line":30,"column":8},"end":{"line":30,"column":91}},"7":{"start":{"line":31,"column":8},"end":{"line":31,"column":92}},"8":{"start":{"line":32,"column":8},"end":{"line":32,"column":92}},"9":{"start":{"line":33,"column":8},"end":{"line":33,"column":92}},"10":{"start":{"line":34,"column":8},"end":{"line":34,"column":92}},"11":{"start":{"line":35,"column":8},"end":{"line":35,"column":93}},"12":{"start":{"line":36,"column":8},"end":{"line":36,"column":93}},"13":{"start":{"line":37,"column":8},"end":{"line":37,"column":93}},"14":{"start":{"line":38,"column":8},"end":{"line":38,"column":93}},"15":{"start":{"line":39,"column":8},"end":{"line":39,"column":94}},"16":{"start":{"line":40,"column":8},"end":{"line":40,"column":94}},"17":{"start":{"line":41,"column":8},"end":{"line":41,"column":94}},"18":{"start":{"line":42,"column":8},"end":{"line":42,"column":94}},"19":{"start":{"line":43,"column":8},"end":{"line":43,"column":94}},"20":{"start":{"line":44,"column":8},"end":{"line":44,"column":93}},"21":{"start":{"line":45,"column":8},"end":{"line":45,"column":91}},"22":{"start":{"line":46,"column":8},"end":{"line":46,"column":86}},"23":{"start":{"line":48,"column":8},"end":{"line":48,"column":55}},"24":{"start":{"line":63,"column":8},"end":{"line":63,"column":84}},"25":{"start":{"line":64,"column":8},"end":{"line":64,"column":51}},"26":{"start":{"line":66,"column":8},"end":{"line":66,"column":25}},"27":{"start":{"line":67,"column":8},"end":{"line":67,"column":23}},"28":{"start":{"line":109,"column":8},"end":{"line":109,"column":5819}},"29":{"start":{"line":112,"column":8},"end":{"line":112,"column":48}},"30":{"start":{"line":198,"column":8},"end":{"line":198,"column":63}},"31":{"start":{"line":200,"column":8},"end":{"line":200,"column":93}},"32":{"start":{"line":201,"column":8},"end":{"line":201,"column":94}}},"branchMap":{"1":{"line":24,"type":"if","locations":[{"start":{"line":24,"column":37},"end":{"line":24,"column":58}},{"start":{"line":24,"column":62},"end":{"line":24,"column":82}}]},"2":{"line":25,"type":"if","locations":[{"start":{"line":25,"column":8},"end":{"line":25,"column":8}},{"start":{"line":25,"column":8},"end":{"line":25,"column":8}}]},"3":{"line":27,"type":"if","locations":[{"start":{"line":27,"column":45},"end":{"line":27,"column":78}},{"start":{"line":27,"column":82},"end":{"line":27,"column":116}}]},"4":{"line":28,"type":"if","locations":[{"start":{"line":28,"column":8},"end":{"line":28,"column":8}},{"start":{"line":28,"column":8},"end":{"line":28,"column":8}}]},"5":{"line":29,"type":"if","locations":[{"start":{"line":29,"column":8},"end":{"line":29,"column":8}},{"start":{"line":29,"column":8},"end":{"line":29,"column":8}}]},"6":{"line":30,"type":"if","locations":[{"start":{"line":30,"column":8},"end":{"line":30,"column":8}},{"start":{"line":30,"column":8},"end":{"line":30,"column":8}}]},"7":{"line":31,"type":"if","locations":[{"start":{"line":31,"column":8},"end":{"line":31,"column":8}},{"start":{"line":31,"column":8},"end":{"line":31,"column":8}}]},"8":{"line":32,"type":"if","locations":[{"start":{"line":32,"column":8},"end":{"line":32,"column":8}},{"start":{"line":32,"column":8},"end":{"line":32,"column":8}}]},"9":{"line":33,"type":"if","locations":[{"start":{"line":33,"column":8},"end":{"line":33,"column":8}},{"start":{"line":33,"column":8},"end":{"line":33,"column":8}}]},"10":{"line":34,"type":"if","locations":[{"start":{"line":34,"column":8},"end":{"line":34,"column":8}},{"start":{"line":34,"column":8},"end":{"line":34,"column":8}}]},"11":{"line":35,"type":"if","locations":[{"start":{"line":35,"column":8},"end":{"line":35,"column":8}},{"start":{"line":35,"column":8},"end":{"line":35,"column":8}}]},"12":{"line":36,"type":"if","locations":[{"start":{"line":36,"column":8},"end":{"line":36,"column":8}},{"start":{"line":36,"column":8},"end":{"line":36,"column":8}}]},"13":{"line":37,"type":"if","locations":[{"start":{"line":37,"column":8},"end":{"line":37,"column":8}},{"start":{"line":37,"column":8},"end":{"line":37,"column":8}}]},"14":{"line":38,"type":"if","locations":[{"start":{"line":38,"column":8},"end":{"line":38,"column":8}},{"start":{"line":38,"column":8},"end":{"line":38,"column":8}}]},"15":{"line":39,"type":"if","locations":[{"start":{"line":39,"column":8},"end":{"line":39,"column":8}},{"start":{"line":39,"column":8},"end":{"line":39,"column":8}}]},"16":{"line":40,"type":"if","locations":[{"start":{"line":40,"column":8},"end":{"line":40,"column":8}},{"start":{"line":40,"column":8},"end":{"line":40,"column":8}}]},"17":{"line":41,"type":"if","locations":[{"start":{"line":41,"column":8},"end":{"line":41,"column":8}},{"start":{"line":41,"column":8},"end":{"line":41,"column":8}}]},"18":{"line":42,"type":"if","locations":[{"start":{"line":42,"column":8},"end":{"line":42,"column":8}},{"start":{"line":42,"column":8},"end":{"line":42,"column":8}}]},"19":{"line":43,"type":"if","locations":[{"start":{"line":43,"column":8},"end":{"line":43,"column":8}},{"start":{"line":43,"column":8},"end":{"line":43,"column":8}}]},"20":{"line":44,"type":"if","locations":[{"start":{"line":44,"column":8},"end":{"line":44,"column":8}},{"start":{"line":44,"column":8},"end":{"line":44,"column":8}}]},"21":{"line":45,"type":"if","locations":[{"start":{"line":45,"column":8},"end":{"line":45,"column":8}},{"start":{"line":45,"column":8},"end":{"line":45,"column":8}}]},"22":{"line":46,"type":"if","locations":[{"start":{"line":46,"column":8},"end":{"line":46,"column":8}},{"start":{"line":46,"column":8},"end":{"line":46,"column":8}}]},"23":{"line":48,"type":"if","locations":[{"start":{"line":48,"column":8},"end":{"line":48,"column":8}},{"start":{"line":48,"column":8},"end":{"line":48,"column":8}}]},"24":{"line":63,"type":"if","locations":[{"start":{"line":63,"column":8},"end":{"line":63,"column":8}},{"start":{"line":63,"column":8},"end":{"line":63,"column":8}}]},"25":{"line":109,"type":"if","locations":[{"start":{"line":109,"column":8},"end":{"line":109,"column":8}},{"start":{"line":109,"column":8},"end":{"line":109,"column":8}}]},"26":{"line":203,"type":"if","locations":[{"start":{"line":203,"column":90},"end":{"line":203,"column":95}},{"start":{"line":203,"column":99},"end":{"line":203,"column":105}}]},"27":{"line":203,"type":"if","locations":[{"start":{"line":203,"column":35},"end":{"line":203,"column":41}},{"start":{"line":203,"column":45},"end":{"line":203,"column":105}}]}}}}